<?xml version="1.0" encoding="utf-8"?><testsuites name="pytest tests"><testsuite name="pytest" errors="0" failures="0" skipped="0" tests="259" time="29.480" timestamp="2026-07-30T15:12:42.079187+08:00" hostname="DESKTOP-FASADOS"><testcase classname="tests.test_circle_export" name="test_circle_confirmation_requires_threshold_and_explicit_selection" time="0.001" /><testcase classname="tests.test_circle_export" name="test_circle_confirmation_rejects_mismatched_review_rows" time="0.001" /><testcase classname="tests.test_circle_export" name="test_exportable_circle_filter_matches_dxf_boundary" time="0.000" /><testcase classname="tests.test_circle_export" name="test_exporter_rechecks_circle_confidence_and_keeps_pixels_unitless" time="0.041" /><testcase classname="tests.test_circle_export" name="test_exporter_rejects_invalid_image_height_and_scale" time="0.002" /><testcase classname="tests.test_circle_export" name="test_calibrated_export_declares_millimetres" time="0.032" /><testcase classname="tests.test_cli" name="test_cli_accepts_positive_finite_dimensions" time="0.002" /><testcase classname="tests.test_cli" name="test_cli_rejects_invalid_numeric_inputs[arguments0]" time="0.002" /><testcase classname="tests.test_cli" name="test_cli_rejects_invalid_numeric_inputs[arguments1]" time="0.001" /><testcase classname="tests.test_cli" name="test_cli_rejects_invalid_numeric_inputs[arguments2]" time="0.001" /><testcase classname="tests.test_cli" name="test_cli_rejects_invalid_numeric_inputs[arguments3]" time="0.001" /><testcase classname="tests.test_cli" name="test_cli_rejects_invalid_numeric_inputs[arguments4]" time="0.001" /><testcase classname="tests.test_cli" name="test_cli_rejects_invalid_numeric_inputs[arguments5]" time="0.001" /><testcase classname="tests.test_connectivity_decision" name="test_connection_requires_every_hard_gate_and_explicit_confidence" time="0.017" /><testcase classname="tests.test_connectivity_decision" name="test_direction_mismatch_is_rejected_before_geometry_side_effects" time="0.001" /><testcase classname="tests.test_connectivity_decision" name="test_line_width_mismatch_is_rejected_in_physical_units" time="0.001" /><testcase classname="tests.test_connectivity_decision" name="test_sub_linewidth_gap_is_rejected_as_unresolved_source_evidence" time="0.001" /><testcase classname="tests.test_connectivity_decision" name="test_both_candidate_endpoints_require_original_pixel_support" time="0.001" /><testcase classname="tests.test_connectivity_decision" name="test_protected_object_crossing_is_a_hard_rejection" time="0.001" /><testcase classname="tests.test_connectivity_decision" name="test_connection_distance_has_same_physical_effect_across_dpi[150.0]" time="0.001" /><testcase classname="tests.test_connectivity_decision" name="test_connection_distance_has_same_physical_effect_across_dpi[300.0]" time="0.001" /><testcase classname="tests.test_connectivity_decision" name="test_connection_distance_has_same_physical_effect_across_dpi[600.0]" time="0.001" /><testcase classname="tests.test_consolidated_pr_features" name="test_consolidated_window_preserves_pr20_document_chain" time="0.000" /><testcase classname="tests.test_consolidated_pr_features" name="test_visual_editor_moves_and_adds_multiple_entity_types" time="0.056" /><testcase classname="tests.test_consolidated_pr_features" name="test_canvas_keeps_adaptive_scan_and_vectors_separate" time="0.004" /><testcase classname="tests.test_consolidated_pr_features" name="test_document_export_keeps_layouts_groups_circles_text_and_lazy_scan" time="0.169" /><testcase classname="tests.test_content_ownership" name="test_every_source_pixel_gets_exactly_one_owner" time="0.008" /><testcase classname="tests.test_content_ownership" name="test_unsafe_text_stays_explicit_graphic_outline_not_default_residual" time="0.003" /><testcase classname="tests.test_content_ownership" name="test_logo_owns_source_strokes_but_not_surrounding_cell_rules" time="0.001" /><testcase classname="tests.test_content_ownership" name="test_character_stroke_line_candidate_is_arbitrated_to_text" time="0.004" /><testcase classname="tests.test_content_ownership" name="test_true_structure_line_downgrades_overlapping_editable_text" time="0.005" /><testcase classname="tests.test_content_ownership" name="test_logo_text_conflict_preserves_only_exact_overlap_as_residual" time="0.004" /><testcase classname="tests.test_content_ownership" name="test_line_crossing_unresolved_logo_conflict_is_not_exported" time="0.003" /><testcase classname="tests.test_core.PerspectiveTests" name="test_black_circle_is_not_paper" time="0.019" /><testcase classname="tests.test_core.PerspectiveTests" name="test_blank_image_is_not_paper" time="0.002" /><testcase classname="tests.test_core.PerspectiveTests" name="test_clear_sheet_exceeds_strict_confidence" time="0.019" /><testcase classname="tests.test_core.PerspectiveTests" name="test_diamond_order_has_four_unique_points" time="0.001" /><testcase classname="tests.test_core.PerspectiveTests" name="test_internal_black_frame_on_white_background_is_not_paper" time="0.008" /><testcase classname="tests.test_core.PerspectiveTests" name="test_target_aspect_ratio_is_preserved" time="0.007" /><testcase classname="tests.test_core.PreprocessTests" name="test_default_preprocessing_retains_thin_lines_in_all_directions" time="0.010" /><testcase classname="tests.test_core.DetectionAndGeometryTests" name="test_cancelled_geometry_stops_cooperatively" time="0.001" /><testcase classname="tests.test_core.DetectionAndGeometryTests" name="test_duplicate_merge_preserves_both_source_ids" time="0.002" /><testcase classname="tests.test_core.DetectionAndGeometryTests" name="test_final_shared_junction_stays_connected" time="0.003" /><testcase classname="tests.test_core.DetectionAndGeometryTests" name="test_final_snap_duplicates_are_removed_and_lineage_is_merged" time="0.002" /><testcase classname="tests.test_core.DetectionAndGeometryTests" name="test_snap_cluster_does_not_grow_transitively_past_threshold" time="0.001" /><testcase classname="tests.test_core.DetectionAndGeometryTests" name="test_thick_stroke_width_uses_centerline_search" time="0.021" /><testcase classname="tests.test_core.ClassificationTests" name="test_regular_thin_family_inside_box_is_high_confidence_hatch" time="0.004" /><testcase classname="tests.test_core.ClassificationTests" name="test_thick_parallel_walls_are_not_deleted_as_hatch" time="0.001" /><testcase classname="tests.test_core.AuxiliaryTests" name="test_circle_is_reported_as_auxiliary_only" time="0.001" /><testcase classname="tests.test_core.PipelineTests" name="test_blank_strict_pipeline_fails" time="0.013" /><testcase classname="tests.test_core.PipelineTests" name="test_non_paper_strict_pipeline_fails" time="0.022" /><testcase classname="tests.test_core.PipelineTests" name="test_pipeline_writes_report_debug_stages_and_valid_dxf" time="0.257" /><testcase classname="tests.test_document_export" name="test_export_scan_document_creates_layout_per_page_and_model_stack" time="0.042" /><testcase classname="tests.test_dwg_converter_selection" name="test_selected_converter_is_remembered_and_used_silently" time="0.027" /><testcase classname="tests.test_dwg_converter_selection" name="test_converter_directory_can_be_selected" time="0.011" /><testcase classname="tests.test_dwg_converter_selection" name="test_app_local_oda_folder_is_detected" time="0.009" /><testcase classname="tests.test_dwg_converter_selection" name="test_oda_cli_arguments_do_not_open_folder_selection" time="0.005" /><testcase classname="tests.test_exact_gui_cache" name="test_export_reuses_unchanged_page_cache_without_recompression" time="0.048" /><testcase classname="tests.test_exact_gui_cache" name="test_modified_page_is_written_once_and_then_reused" time="0.017" /><testcase classname="tests.test_exact_gui_cache" name="test_reviewed_text_rebuilds_the_same_final_structure_used_by_export" time="0.030" /><testcase classname="tests.test_exact_gui_cache" name="test_active_gui_rejects_cache_after_same_path_content_changes" time="0.074" /><testcase classname="tests.test_exact_ui_reduction" name="test_normal_exact_ui_hides_unused_panels_and_groups_generation" time="0.017" /><testcase classname="tests.test_exact_ui_reduction" name="test_recognizable_ocr_is_available_without_manual_save" time="1.721" /><testcase classname="tests.test_exact_ui_reduction" name="test_public_sidebar_opens_fully_without_deprecated_feature_copy" time="0.075" /><testcase classname="tests.test_exact_ui_reduction" name="test_editing_ocr_updates_final_cad_font_preview_and_confirms_export" time="2.052" /><testcase classname="tests.test_fixture_benchmark.FixtureBenchmarkTests" name="test_identical_geometry_has_zero_error" time="0.007" /><testcase classname="tests.test_fixture_benchmark.FixtureBenchmarkTests" name="test_non_paper_fixture_fails_when_pipeline_accepts_it" time="0.020" /><testcase classname="tests.test_fixture_benchmark.FixtureBenchmarkTests" name="test_non_paper_fixture_passes_only_on_paper_detection_rejection" time="0.017" /><testcase classname="tests.test_fixture_benchmark.FixtureBenchmarkTests" name="test_rotated_geometry_reports_acute_angle_error" time="0.003" /><testcase classname="tests.test_fixture_benchmark.FixtureBenchmarkTests" name="test_scaled_geometry_reports_scale_and_distance_error" time="0.003" /><testcase classname="tests.test_fixture_validation.FixtureValidationTests" name="test_complete_real_photo_fixture_qualifies" time="0.057" /><testcase classname="tests.test_fixture_validation.FixtureValidationTests" name="test_manifest_check_rejects_unmeasurable_verification_dimensions" time="0.068" /><testcase classname="tests.test_fixture_validation.FixtureValidationTests" name="test_non_paper_fixture_qualifies_without_ground_truth_dxf" time="0.014" /><testcase classname="tests.test_fixture_validation.FixtureValidationTests" name="test_placeholder_provenance_and_synthetic_capture_are_rejected" time="0.051" /><testcase classname="tests.test_fixture_validation.FixtureValidationTests" name="test_release_gate_requires_all_capture_categories" time="0.067" /><testcase classname="tests.test_fixture_validation.FixtureValidationTests" name="test_release_minimum_blocks_empty_fixture_set" time="0.004" /><testcase classname="tests.test_font_aware_ocr_export" name="test_selected_cjk_font_is_used_for_one_editable_line" time="0.020" /><testcase classname="tests.test_font_aware_ocr_export" name="test_explicit_font_selection_survives_missing_local_catalog_entry" time="0.001" /><testcase classname="tests.test_freecad_cli_args" name="test_freecad_checker_accepts_normal_python_arguments" time="0.015" /><testcase classname="tests.test_freecad_cli_args" name="test_freecad_checker_ignores_its_script_path_from_freecadcmd" time="0.016" /><testcase classname="tests.test_gui_architecture.GuiArchitectureTests" name="test_active_entrypoint_preserves_guard_chain_and_uses_public_release" time="0.072" /><testcase classname="tests.test_gui_architecture.GuiArchitectureTests" name="test_compatibility_gui_contains_no_processing_pipeline" time="0.002" /><testcase classname="tests.test_gui_architecture.GuiArchitectureTests" name="test_normal_gui_uses_portable_editable_character_workflow" time="0.009" /><testcase classname="tests.test_gui_architecture.GuiArchitectureTests" name="test_ui_shell_has_no_cad_algorithm_imports" time="0.002" /><testcase classname="tests.test_gui_guard" name="test_gui_blocks_processing_before_perspective_confirmation" time="0.002" /><testcase classname="tests.test_gui_guard" name="test_gui_allows_processing_after_perspective_confirmation" time="0.002" /><testcase classname="tests.test_layer_review" name="test_manual_layer_override_preserves_automatic_evidence" time="0.001" /><testcase classname="tests.test_layer_review" name="test_manual_layer_override_rejects_unknown_layer" time="0.002" /><testcase classname="tests.test_layer_review" name="test_manual_layer_override_requires_one_choice_per_line" time="0.001" /><testcase classname="tests.test_layer_review" name="test_visual_review_can_relayer_and_delete_selected_lines" time="0.013" /><testcase classname="tests.test_librecad_lff_export" name="test_normal_review_keeps_windows_font" time="1.751" /><testcase classname="tests.test_librecad_lff_export" name="test_bundled_lff_candidate_uses_one_single_stroke_text_line" time="0.025" /><testcase classname="tests.test_observability" name="test_observation_sink_does_not_change_final_structure" time="0.615" /><testcase classname="tests.test_observability" name="test_debug_bundle_has_all_stages_metadata_and_pixel_lineage" time="1.228" /><testcase classname="tests.test_observability" name="test_ocr_overview_records_raw_and_rule_removed_views" time="0.003" /><testcase classname="tests.test_ocr_layout" name="test_large_page_uses_overlapping_native_resolution_tiles" time="0.001" /><testcase classname="tests.test_ocr_layout" name="test_regular_separated_printed_text_gets_character_boxes_and_auto_export" time="0.006" /><testcase classname="tests.test_ocr_layout" name="test_connected_high_confidence_text_stays_as_image_until_reviewed" time="0.005" /><testcase classname="tests.test_ocr_layout" name="test_review_cannot_turn_a_non_text_object_into_ocr_text" time="0.001" /><testcase classname="tests.test_ocr_layout" name="test_text_box_is_constrained_to_enclosing_table_cell" time="0.016" /><testcase classname="tests.test_ocr_layout" name="test_grossly_wide_text_box_is_still_clipped_to_its_cell" time="0.022" /><testcase classname="tests.test_ocr_layout" name="test_text_policy_does_not_depend_on_page_margin_position" time="0.075" /><testcase classname="tests.test_ocr_layout" name="test_ocr_content_is_not_corrected_from_a_fixed_field_dictionary" time="0.073" /><testcase classname="tests.test_ocr_layout" name="test_source_tags_do_not_trigger_template_inference_or_deduplication" time="0.075" /><testcase classname="tests.test_ocr_overlap" name="test_shifted_overview_and_tile_results_are_exported_once" time="0.001" /><testcase classname="tests.test_ocr_overlap" name="test_partial_duplicate_prefers_more_complete_high_rank_candidate" time="0.001" /><testcase classname="tests.test_ocr_overlap" name="test_adjacent_labels_on_same_row_remain_separate" time="0.001" /><testcase classname="tests.test_ocr_overlap" name="test_export_guard_collapses_duplicates_from_older_caches" time="0.001" /><testcase classname="tests.test_ocr_pipeline" name="test_table_rules_are_whitened_without_erasing_nearby_text" time="0.005" /><testcase classname="tests.test_ocr_recognition" name="test_word_boxes_remain_a_fallback_and_normal_flow_runs_once" time="0.006" /><testcase classname="tests.test_ocr_recognition" name="test_complete_line_boxes_are_preferred_over_character_boxes" time="0.002" /><testcase classname="tests.test_ocr_recognition" name="test_oversized_false_text_box_is_rejected" time="0.003" /><testcase classname="tests.test_ocr_recognition" name="test_low_confidence_ocr_is_not_exported" time="0.001" /><testcase classname="tests.test_ocr_recognition" name="test_reviewable_confidence_candidate_is_kept_for_manual_correction" time="0.003" /><testcase classname="tests.test_ocr_recognition" name="test_installed_rapidocr_runtime_accepts_line_level_call" time="9.181" /><testcase classname="tests.test_optimized_ocr" name="test_overview_and_tile_candidates_for_same_line_are_deduplicated" time="0.002" /><testcase classname="tests.test_optimized_ocr" name="test_adjacent_lines_are_not_collapsed_as_duplicates" time="0.003" /><testcase classname="tests.test_optimized_ocr" name="test_large_page_uses_six_tiles_instead_of_twelve_for_common_a1_render" time="0.012" /><testcase classname="tests.test_optimized_ocr" name="test_blank_rule_only_tile_is_skipped_but_text_tile_is_kept" time="0.694" /><testcase classname="tests.test_optimized_ocr" name="test_partial_connected_stroke_is_not_automatically_replaced" time="0.028" /><testcase classname="tests.test_optimized_ocr" name="test_bounded_pdf_page_skips_expensive_native_tiles" time="0.145" /><testcase classname="tests.test_optimized_ocr" name="test_large_page_uses_cleaned_native_tiles_without_repeating_overview" time="0.060" /><testcase classname="tests.test_optimized_ocr" name="test_ocr_pipeline_has_no_position_or_fixed_field_template_pass" time="0.001" /><testcase classname="tests.test_optimized_ocr" name="test_optimized_result_keeps_complete_preview_separate_from_residual" time="0.405" /><testcase classname="tests.test_pdf_image_loader" name="test_load_image_renders_image_only_pdf" time="0.538" /><testcase classname="tests.test_pdf_image_loader" name="test_pdf_page_size_mm_reports_page_dimensions" time="0.014" /><testcase classname="tests.test_pdf_image_loader" name="test_processing_dpi_is_bounded_for_large_sheets" time="0.001" /><testcase classname="tests.test_performance_observability" name="test_performance_callback_is_complete_and_content_neutral" time="0.468" /><testcase classname="tests.test_performance_observability" name="test_performance_callback_accepts_repeated_stage_samples" time="0.232" /><testcase classname="tests.test_pipeline_perspective" name="test_permissive_pipeline_keeps_original_for_low_confidence_candidate" time="0.104" /><testcase classname="tests.test_pipeline_service" name="test_shared_pipeline_service_vectorizes_existing_binary" time="0.101" /><testcase classname="tests.test_pipeline_service" name="test_shared_pipeline_rejects_stale_binary_dimensions" time="0.002" /><testcase classname="tests.test_pipeline_service" name="test_shared_pipeline_rejects_invalid_cached_binary_format" time="0.003" /><testcase classname="tests.test_pipeline_service" name="test_report_builder_emits_same_complete_schema_for_any_frontend" time="0.001" /><testcase classname="tests.test_portable_font_bundle" name="test_portable_font_manifest_uses_pinned_official_noto_sources" time="0.002" /><testcase classname="tests.test_portable_font_bundle" name="test_build_prepares_and_packages_font_bundle" time="0.005" /><testcase classname="tests.test_processing_contract" name="test_default_layout_profile_is_explicit_and_disabled" time="0.001" /><testcase classname="tests.test_processing_contract" name="test_cache_key_contains_every_required_reproducibility_field" time="0.001" /><testcase classname="tests.test_processing_contract" name="test_every_cache_contract_change_produces_a_distinct_key" time="0.002" /><testcase classname="tests.test_processing_contract" name="test_same_path_with_changed_content_changes_input_hash_and_key" time="0.011" /><testcase classname="tests.test_processing_contract" name="test_production_service_is_deterministic_and_records_configuration" time="0.197" /><testcase classname="tests.test_processing_contract" name="test_cache_roundtrip_requires_exact_embedded_key" time="0.120" /><testcase classname="tests.test_processing_contract" name="test_enabled_layout_profile_cannot_enter_generic_pipeline" time="0.001" /><testcase classname="tests.test_raster_trace" name="test_trace_preserves_text_curves_and_small_marks_as_boundaries" time="0.005" /><testcase classname="tests.test_raster_trace" name="test_trace_binary_does_not_drop_nested_holes" time="0.002" /><testcase classname="tests.test_raster_trace" name="test_collinear_compression_reduces_vertices_without_pixel_difference" time="0.006" /><testcase classname="tests.test_raster_trace" name="test_foreground_conversion_has_no_morphological_detail_loss" time="0.001" /><testcase classname="tests.test_real_document_regression_contract" name="test_real_document_regression_set_is_nonempty_complete_and_immutable" time="0.288" /><testcase classname="tests.test_real_document_regression_contract" name="test_ci_runs_the_mandatory_real_document_regression" time="0.002" /><testcase classname="tests.test_real_document_regression_runner" name="test_manifest_validator_rejects_missing_category" time="0.003" /><testcase classname="tests.test_real_document_regression_runner" name="test_missing_fixture_file_is_a_hard_failure" time="0.009" /><testcase classname="tests.test_real_document_regression_runner" name="test_caught_document_failures_cannot_make_the_run_green" time="0.022" /><testcase classname="tests.test_release_workflow" name="test_release_workflow_preserves_qualification_and_least_privilege" time="0.002" /><testcase classname="tests.test_release_workflow" name="test_release_workflow_does_not_restore_destructive_publishing" time="0.001" /><testcase classname="tests.test_release_workflow" name="test_release_workflow_builds_and_publishes_exact_tag_only" time="0.001" /><testcase classname="tests.test_repository_hygiene.RepositoryHygieneTests" name="test_generated_and_large_files_are_reported" time="0.021" /><testcase classname="tests.test_repository_hygiene.RepositoryHygieneTests" name="test_generated_report_is_reported" time="0.006" /><testcase classname="tests.test_repository_hygiene.RepositoryHygieneTests" name="test_ground_truth_fixture_dxf_is_allowed_within_size_limit" time="0.009" /><testcase classname="tests.test_resolution" name="test_image_resolution_scale_is_bounded_and_reference_based" time="0.001" /><testcase classname="tests.test_resolution" name="test_resolution_helpers_reject_invalid_values" time="0.002" /><testcase classname="tests.test_resolution" name="test_preprocessing_records_effective_resolution_scale" time="0.032" /><testcase classname="tests.test_resolution" name="test_preprocessing_accepts_bgra_and_single_channel_images" time="0.007" /><testcase classname="tests.test_resolution" name="test_preprocessing_rejects_unsupported_shapes_and_dtypes" time="0.002" /><testcase classname="tests.test_resolution" name="test_geometry_distances_scale_together" time="0.001" /><testcase classname="tests.test_resolution" name="test_invalid_candidates_do_not_block_geometry_filtering" time="0.002" /><testcase classname="tests.test_resolution" name="test_sparse_drawing_uses_full_image_scale_when_supplied" time="0.001" /><testcase classname="tests.test_resolution" name="test_thick_stroke_candidates_are_recentred" time="0.052" /><testcase classname="tests.test_scale_calibrator" name="test_finite_calibration_scale" time="0.001" /><testcase classname="tests.test_scale_calibrator" name="test_invalid_calibrations_are_rejected[calibration0-must not be identical]" time="0.001" /><testcase classname="tests.test_scale_calibrator" name="test_invalid_calibrations_are_rejected[calibration1-positive finite]" time="0.001" /><testcase classname="tests.test_scale_calibrator" name="test_invalid_calibrations_are_rejected[calibration2-positive finite]" time="0.001" /><testcase classname="tests.test_scale_calibrator" name="test_invalid_calibrations_are_rejected[calibration3-coordinates]" time="0.001" /><testcase classname="tests.test_scale_calibrator" name="test_create_calibration_rejects_nonfinite_points" time="0.001" /><testcase classname="tests.test_scan_artifact_filter" name="test_scan_artifact_filter_removes_tape_tear_and_sparse_flight" time="0.101" /><testcase classname="tests.test_scan_artifact_filter" name="test_scan_artifact_filter_keeps_dark_structural_frame" time="0.094" /><testcase classname="tests.test_scan_artifact_filter" name="test_scan_artifact_filter_removes_corner_tape_joined_to_page_border" time="0.066" /><testcase classname="tests.test_scan_backed_export" name="test_export_includes_linked_scan_and_high_confidence_text" time="0.075" /><testcase classname="tests.test_scan_cleanup" name="test_damaged_scan_cleanup_removes_paper_shading_but_keeps_ink" time="0.139" /><testcase classname="tests.test_scan_cleanup" name="test_tiled_component_filter_keeps_strokes_across_tile_boundaries" time="0.192" /><testcase classname="tests.test_scan_cleanup" name="test_clean_digital_page_still_keeps_every_non_white_pixel" time="0.001" /><testcase classname="tests.test_scan_cleanup" name="test_scanned_objects_separated_by_one_pixel_are_not_welded_together" time="0.004" /><testcase classname="tests.test_scan_cleanup" name="test_dense_scanner_speckle_is_removed_without_erasing_real_ink" time="0.089" /><testcase classname="tests.test_scan_cleanup" name="test_broad_low_contrast_tape_edges_are_not_exported_as_lines" time="0.317" /><testcase classname="tests.test_signature_overlay" name="test_signature_detection_is_structural_and_does_not_reclassify_text" time="0.025" /><testcase classname="tests.test_signature_overlay" name="test_handwriting_detection_does_not_depend_on_ocr_content_or_page_position" time="0.031" /><testcase classname="tests.test_signature_overlay" name="test_text_suppression_keeps_table_rules" time="0.019" /><testcase classname="tests.test_signature_overlay" name="test_signature_is_exported_as_transparent_top_image" time="0.151" /><testcase classname="tests.test_signature_overlay" name="test_freeform_signature_beside_long_label_is_preserved" time="0.020" /><testcase classname="tests.test_signature_overlay" name="test_one_direction_plan_stroke_is_not_forced_to_signature_image" time="0.024" /><testcase classname="tests.test_signature_overlay" name="test_signature_rgba_keeps_original_stroke_footprint" time="0.001" /><testcase classname="tests.test_signature_overlay" name="test_accepted_text_suppression_removes_the_complete_line_box" time="0.008" /><testcase classname="tests.test_signature_overlay" name="test_compact_connected_ocr_candidate_is_not_reclassified_as_graphic" time="0.001" /><testcase classname="tests.test_signature_overlay" name="test_split_table_text_is_not_misclassified_as_a_logo" time="0.001" /><testcase classname="tests.test_signature_overlay" name="test_logo_words_do_not_reclassify_text_candidates" time="0.001" /><testcase classname="tests.test_signature_overlay" name="test_logo_semantics_do_not_capture_adjacent_text" time="0.001" /><testcase classname="tests.test_signature_overlay" name="test_logo_detector_uses_closed_geometry_instead_of_ocr_words" time="0.013" /><testcase classname="tests.test_signature_overlay" name="test_design_words_do_not_create_logo_without_visual_evidence[DESIGN GROUP-\u666e\u901a\u6b63\u6587\u5305\u542b\u8bbe\u8ba1\u96c6\u56e2]" time="0.016" /><testcase classname="tests.test_signature_overlay" name="test_design_words_do_not_create_logo_without_visual_evidence[DESIGN-\u6807\u9898\u4e2d\u542b DESIGN]" time="0.017" /><testcase classname="tests.test_signature_overlay" name="test_signature_bbox_overlap_does_not_capture_neighboring_body_text" time="0.012" /><testcase classname="tests.test_signature_overlay" name="test_graphic_logo_mask_does_not_absorb_adjacent_project_name" time="0.030" /><testcase classname="tests.test_signature_overlay" name="test_letter_like_engineering_symbol_is_not_forced_to_logo_or_signature" time="0.031" /><testcase classname="tests.test_straight_line_reconstruction" name="test_gapped_perpendicular_lines_are_not_extended_without_structural_roi" time="0.001" /><testcase classname="tests.test_straight_line_reconstruction" name="test_gapped_frame_rules_reconnect_only_inside_detected_roi" time="0.004" /><testcase classname="tests.test_straight_line_reconstruction" name="test_protected_body_region_blocks_structural_bridge" time="0.005" /><testcase classname="tests.test_straight_line_reconstruction" name="test_existing_crossing_is_not_extended_or_shortened" time="0.001" /><testcase classname="tests.test_straight_line_reconstruction" name="test_reconstructed_rules_are_removed_from_contour_source" time="0.092" /><testcase classname="tests.test_straight_line_reconstruction" name="test_shallow_artifact_crossing_does_not_trigger_extension" time="0.001" /><testcase classname="tests.test_straight_line_reconstruction" name="test_extension_distance_is_bounded_by_source_line_length" time="0.001" /><testcase classname="tests.test_straight_line_reconstruction" name="test_crossing_rule_segments_are_not_globally_rejoined" time="0.189" /><testcase classname="tests.test_straight_line_reconstruction" name="test_duplicate_suppression_keeps_one_original_segment" time="0.001" /><testcase classname="tests.test_straight_line_reconstruction" name="test_low_contrast_crop_and_fold_edges_do_not_become_blue_lines" time="0.295" /><testcase classname="tests.test_straight_line_reconstruction" name="test_deep_supported_broken_scan_rules_are_not_extended_across_large_gap" time="0.090" /><testcase classname="tests.test_straight_line_reconstruction" name="test_scanned_thick_rule_edges_collapse_without_erasing_double_rules" time="0.002" /><testcase classname="tests.test_structural_roi_constraints" name="test_roi_payload_exposes_source_evidence_and_endpoint_corridors" time="0.001" /><testcase classname="tests.test_structural_roi_constraints" name="test_roi_mask_is_local_corridors_not_the_network_bbox" time="0.001" /><testcase classname="tests.test_structural_roi_constraints" name="test_roi_network_detection_is_decoupled_from_connection_distance" time="0.001" /><testcase classname="tests.test_structural_roi_constraints" name="test_bridge_inside_bbox_but_outside_corridor_is_rejected" time="0.002" /><testcase classname="tests.test_structural_roi_constraints" name="test_roi_bbox_uses_exclusive_right_and_bottom_edges" time="0.001" /><testcase classname="tests.test_structural_roi_constraints" name="test_connection_protection_declares_all_required_guard_categories" time="0.001" /><testcase classname="tests.test_structural_roi_constraints" name="test_connection_observation_uses_each_rois_local_protection_mask" time="0.005" /><testcase classname="tests.test_system_refactor_invariants" name="test_application_has_no_morphological_closing" time="0.026" /><testcase classname="tests.test_system_refactor_invariants" name="test_classifiers_have_no_position_or_fixed_field_rules" time="0.005" /><testcase classname="tests.test_system_refactor_invariants" name="test_connectivity_safety_has_no_object_classification_dependency" time="0.001" /><testcase classname="tests.test_system_refactor_invariants" name="test_ambiguous_pixels_are_residual_not_resolved_by_type_priority" time="0.004" /><testcase classname="tests.test_system_refactor_invariants" name="test_preview_and_dxf_export_share_one_structure_id" time="0.048" /><testcase classname="tests.test_system_refactor_invariants" name="test_preview_is_part_of_the_final_structure_fingerprint" time="0.001" /><testcase classname="tests.test_text_output_contract" name="test_text_output_states_are_mutually_exclusive_and_reasoned" time="0.001" /><testcase classname="tests.test_text_output_contract" name="test_review_cannot_override_replacement_safety" time="0.001" /><testcase classname="tests.test_text_output_contract" name="test_font_choice_does_not_change_text_editability" time="0.001" /><testcase classname="tests.test_text_output_contract" name="test_summary_reports_every_required_text_count_and_reason" time="0.001" /><testcase classname="tests.test_text_output_contract" name="test_dxf_uses_native_text_and_explicit_fallback_layers" time="0.668" /><testcase classname="tests.test_text_output_contract" name="test_small_unreliable_ocr_segment_marks_long_owner_as_residual" time="0.087" /><testcase classname="tests.test_text_protection" name="test_text_region_filter_rejects_local_strokes_but_keeps_structure" time="0.002" /><testcase classname="tests.test_topology" name="test_crossing_lines_are_split_into_endpoint_graph" time="0.004" /><testcase classname="tests.test_topology" name="test_closed_rectangle_is_reported_as_closed_component" time="0.003" /><testcase classname="tests.test_topology" name="test_small_gap_between_dangling_endpoints_is_reported" time="0.002" /><testcase classname="tests.test_topology" name="test_short_open_line_is_not_its_own_gap" time="0.003" /><testcase classname="tests.test_topology" name="test_duplicate_lines_are_reported" time="0.002" /><testcase classname="tests.test_topology" name="test_near_duplicate_requires_matching_direction_and_length" time="0.003" /><testcase classname="tests.test_trace_export" name="test_single_export_writes_one_native_text_per_line" time="0.290" /><testcase classname="tests.test_trace_export" name="test_unreviewed_recognizable_ocr_is_exported_as_text" time="0.100" /><testcase classname="tests.test_trace_export" name="test_manually_reviewed_text_overrides_low_original_confidence" time="0.104" /><testcase classname="tests.test_trace_export" name="test_long_residual_contour_is_not_promoted_to_blue_center_line" time="0.015" /><testcase classname="tests.test_trace_export" name="test_graphic_hole_boundaries_are_exported" time="0.017" /><testcase classname="tests.test_trace_export" name="test_document_export_uses_page_layer_and_line_text" time="0.123" /><testcase classname="tests.test_trace_export" name="test_later_pages_are_spatially_separated_and_default_off" time="0.147" /><testcase classname="tests.test_trace_scale_semantics" name="test_known_length_calibration_is_not_multiplied_by_drawing_ratio" time="0.026" /><testcase classname="tests.test_trace_scale_semantics" name="test_pdf_paper_coordinates_use_selected_drawing_ratio" time="0.026" /><testcase classname="tests.test_trace_storage" name="test_trace_cache_roundtrip_preserves_binary_hierarchy_vertices_and_ocr" time="0.028" /><testcase classname="tests.test_trace_storage_v2" name="test_packed_cache_preserves_character_layout_and_signature_safety" time="0.028" /><testcase classname="tests.test_trace_verification" name="test_verification_rasterizes_the_same_geometry_used_for_cad" time="0.004" /><testcase classname="tests.test_validation" name="test_machine_readable_validation_accepts_valid_line_and_circle" time="0.064" /><testcase classname="tests.test_validation" name="test_machine_readable_validation_rejects_duplicate_circles" time="0.070" /><testcase classname="tests.test_validation" name="test_machine_readable_validation_rejects_empty_geometry" time="0.072" /><testcase classname="tests.test_validation" name="test_machine_readable_validation_rejects_unexpected_entities" time="0.069" /><testcase classname="tests.test_whole_page_topology_guard" name="test_optimized_trace_never_runs_closing_or_hough_gap" time="0.363" /><testcase classname="tests.test_whole_page_topology_guard" name="test_legacy_pipeline_service_retains_detected_coordinates" time="0.004" /><testcase classname="tests.test_whole_page_topology_guard" name="test_connectivity_judgment_runs_on_the_roi_crop" time="0.002" /><testcase classname="tests.test_whole_page_topology_guard" name="test_connection_context_is_built_once_per_structural_roi" time="0.004" /></testsuite></testsuites>